271:///util/promise.lua
0 0 0 1 0 1 1 1 1 0 0 1 2 0 0 0 0 1 0 0 8 8 1 0 1 0 1 1 1 0 1 0 0 6 0 0 6 0 7 0 0 4 5 0 0 1 2 0 0 5 5 5 5 0 0 0 0 5 5 5 6 0 1 4 0 8 4 4 4 0 0 4 0 4 1 0 0 1 0 0 0 0 1 0 1 1 1 0 0 0 0 0 0 0 0 0 0 0 0 0 0 0 0 0 0 0 0 0 0 0 0 0 0 0 0 0 0 0 0 0 0 0 0 0 0 0 0 0 0 0 0 0 0 0 0 0 0 0 1 0 0 9 0 12 0 6 6 10 4 4 8 4 4 4 4 4 0 4 4 0 0 4 0 10 4 0 12 7 0 1 5 5 0 5 0 5 2 0 1 2 0 0 1 0 0 0 5 1 0 1 2 1 0 1 0 1 0 1 0 1 0 1 0 7 0 7 1 0 0 6 0 2 0 0 1 0 0 0 0 0 0 0 0 0 0 0 0 0 0 0 0 0 0 0 0 0 0 0 0 0 0 0 0 0 0 0 0 0 1 0 0 1 0 0 0 0 0 0 0 0 0 0 0 0 0 0 0 0 1 0 1 
5:/home/thomas/.luarocks/share/lua/5.1/mineunit/common/fs.lua
0 2 0 0 4 
702:/home/thomas/.luarocks/share/lua/5.1/mineunit/common/misc_helpers.lua
0 0 0 0 2 0 0 0 0 0 0 0 0 0 0 0 0 0 0 0 0 0 0 0 0 2 0 2 2 2 2 2 2 2 2 2 2 2 2 2 2 2 2 2 2 2 2 2 2 2 0 0 0 0 0 0 2 0 0 0 0 0 0 0 0 0 0 2 0 0 0 0 0 0 0 0 0 0 0 0 0 0 0 0 0 0 0 0 0 0 0 0 0 0 0 0 0 0 0 0 0 0 0 0 2 0 0 0 0 0 0 0 0 0 0 0 0 0 0 0 0 2 0 0 0 0 0 0 0 0 0 0 0 0 0 0 0 0 0 0 0 0 0 0 0 0 0 0 0 0 0 0 0 0 0 0 0 0 0 0 0 0 0 0 0 2 0 0 4 6 6 6 6 6 6 0 8 8 8 0 0 0 8 8 8 8 0 8 8 6 2 0 0 4 0 0 0 0 0 0 2 0 0 4 0 2 0 0 4 0 0 0 0 0 0 0 0 2 0 0 4 0 0 0 0 0 0 0 2 0 0 4 0 0 0 0 0 0 0 0 0 0 2 0 4 0 0 0 0 0 0 0 0 2 0 0 4 0 0 0 0 0 0 0 0 0 0 0 0 0 0 0 0 0 0 2 0 0 0 2 0 0 0 0 0 0 0 0 0 0 0 0 0 0 0 0 0 0 0 0 0 0 0 0 0 0 0 0 0 0 0 0 0 0 0 0 0 0 0 0 0 0 0 0 0 0 0 0 0 0 0 0 0 0 0 0 0 0 0 0 0 0 0 0 0 0 0 0 0 0 0 0 0 0 0 0 0 0 0 0 0 0 4 0 0 0 0 0 0 0 0 0 0 0 0 0 2 0 0 4 0 0 0 0 0 0 0 0 0 0 0 2 0 0 4 0 0 0 0 0 0 2 0 0 4 0 0 2 0 0 4 0 0 0 0 0 0 0 0 0 2 0 0 4 4 0 0 0 4 4 4 0 0 0 0 0 4 4 4 4 4 4 4 0 0 2 0 0 0 4 6 6 4 0 0 2 2 2 0 0 0 2 2 0 0 2 2 2 0 2 2 0 2 2 4 0 2 0 0 4 2 2 2 26 24 24 0 2 2 0 0 4 0 0 0 0 2 0 0 4 0 0 0 0 0 2 0 0 4 0 0 0 0 0 0 0 0 0 0 2 0 0 0 0 0 2 0 0 0 0 0 0 0 0 0 0 0 2 0 0 0 0 0 0 0 0 0 0 0 0 0 0 0 0 0 0 0 0 0 0 0 0 0 0 0 0 0 0 2 0 4 0 2 0 4 0 2 0 4 0 0 0 0 0 0 0 0 2 0 0 4 0 2 0 4 0 2 0 4 0 2 0 4 0 0 0 0 0 0 0 0 0 0 0 0 0 0 0 0 0 0 0 0 0 0 0 0 0 0 0 0 0 0 0 0 0 2 0 4 0 2 0 0 0 0 4 0 0 0 0 0 0 0 0 0 0 0 0 0 0 0 0 0 0 0 0 0 0 0 0 0 0 0 0 0 0 0 0 0 2 0 4 0 0 0 0 0 0 0 2 0 4 0 0 0 0 0 0 0 0 0 4 
205:/home/thomas/.luarocks/share/lua/5.1/mineunit/common/serialize.lua
0 0 0 0 0 0 0 0 0 0 0 0 0 0 0 0 0 0 0 4 0 0 0 0 0 0 0 0 0 0 0 0 0 0 0 0 0 0 0 0 0 0 0 0 0 0 0 0 0 0 0 0 0 0 0 0 0 0 0 0 0 0 0 0 0 0 0 0 0 0 0 0 0 0 0 0 0 0 0 0 0 0 0 0 0 0 0 0 0 0 0 0 0 0 0 0 0 0 0 0 0 0 0 0 0 0 0 0 0 0 0 0 0 0 0 0 0 0 0 0 0 0 0 0 0 0 0 0 0 0 0 0 0 0 0 0 0 0 0 0 0 0 0 0 0 0 0 0 0 0 0 0 0 0 0 0 0 0 0 0 0 0 0 0 0 0 0 0 2 0 0 0 0 0 0 0 0 0 0 2 0 2 0 4 0 0 0 0 0 0 0 0 0 0 0 0 0 0 0 0 0 0 0 0 4 
242:/home/thomas/.luarocks/share/lua/5.1/mineunit/common/vector.lua
0 2 0 4 0 0 0 0 0 0 0 0 2 0 4 0 0 0 2 0 4 0 2 0 4 0 0 0 0 0 0 2 0 4 0 0 0 0 0 2 0 4 0 0 0 0 0 2 0 4 0 0 0 0 0 2 0 4 0 0 0 0 2 0 4 0 0 0 0 0 2 0 4 0 0 0 0 2 0 4 0 2 0 4 0 0 0 0 0 2 0 4 0 0 0 0 0 0 0 0 0 2 0 4 0 0 0 0 0 0 0 0 0 2 0 4 0 0 0 0 0 0 0 0 0 2 0 4 0 0 0 0 0 0 0 0 0 2 0 4 0 0 0 2 0 4 0 0 2 0 0 0 0 0 0 0 2 0 0 0 0 0 0 0 2 0 4 0 0 0 0 0 0 0 0 0 0 0 2 0 4 0 0 0 0 0 0 0 0 0 0 0 0 0 0 0 0 0 0 0 0 0 0 0 0 0 0 0 0 0 0 2 0 4 0 0 0 0 0 0 0 0 0 0 0 0 0 0 0 0 0 0 0 0 0 0 0 0 0 0 0 4 
121:/home/thomas/.luarocks/share/lua/5.1/mineunit/core.lua
80 2 2 2 2 0 0 2 2 2 0 0 0 0 0 0 0 2 2 2 0 0 2 2 0 0 0 0 0 0 0 0 0 0 0 0 0 2 0 6 12 48 2 2 2 2 0 2 0 2 0 2 2 0 2 2 2 2 2 2 2 2 2 0 2 2 0 2 2 0 0 0 0 2 0 2 2 2 2 2 2 4 2 0 2 0 0 0 2 0 2 0 2 0 0 2 2 0 2 2 2 0 2 2 2 0 6 0 0 6 6 6 0 6 2 0 0 0 0 2 2 
754:/home/thomas/.luarocks/share/lua/5.1/mineunit/default/functions.lua
0 0 0 0 4 0 0 0 0 0 0 0 0 2 0 4 0 0 0 0 0 0 0 2 0 4 0 0 0 0 0 0 0 0 0 2 0 4 0 0 0 0 0 0 0 0 0 2 0 4 0 0 0 0 0 0 0 0 0 0 0 2 0 4 0 0 0 0 0 0 0 2 0 4 0 0 0 0 0 0 0 0 0 2 0 4 0 0 0 0 0 0 0 0 0 2 0 4 0 0 0 0 0 0 0 0 0 2 0 4 0 0 0 0 0 0 0 0 0 0 0 2 0 4 0 0 0 0 0 2 0 4 0 0 0 0 0 0 0 0 0 0 0 2 0 0 0 0 0 0 2 0 0 0 0 0 0 0 2 0 2 4 2 2 2 2 2 2 0 0 2 0 0 0 0 0 0 0 0 4 0 0 0 0 0 0 0 0 0 2 0 0 0 0 0 0 0 0 4 0 0 0 0 0 0 0 0 0 0 0 0 0 0 0 0 0 0 0 0 0 0 2 0 4 0 0 0 0 0 0 0 0 0 0 0 0 0 0 0 0 0 0 0 0 0 0 0 0 0 0 0 0 2 0 4 2 2 2 2 2 0 0 2 0 0 4 2 2 0 0 0 2 2 2 2 2 2 0 2 2 2 0 0 2 0 0 0 0 0 0 0 4 0 0 0 0 0 0 2 0 0 0 0 0 2 0 4 0 0 0 0 0 0 0 0 0 0 0 0 0 0 0 0 0 0 0 0 0 0 0 0 0 0 0 0 0 0 0 0 0 0 0 0 0 0 0 0 0 0 0 0 0 0 0 0 0 0 0 0 0 0 0 0 0 0 0 2 0 0 0 0 0 0 4 0 0 0 0 0 0 0 0 0 0 0 0 0 0 0 0 0 0 0 0 0 0 0 0 0 0 0 0 0 0 0 0 0 0 0 0 0 0 0 0 0 0 0 0 0 0 0 0 0 0 0 0 0 0 0 0 0 0 0 0 0 2 0 0 0 0 0 4 0 0 0 0 0 0 0 0 0 0 0 0 0 0 0 0 0 0 0 0 0 0 0 0 0 0 0 0 0 0 0 0 0 0 0 0 0 0 0 2 0 0 0 0 0 0 0 2 0 0 0 0 0 2 0 0 0 0 0 0 0 0 0 0 0 2 0 4 4 0 0 0 0 0 0 0 0 0 0 0 0 0 0 0 0 0 0 0 0 0 0 0 0 0 0 0 0 0 0 0 0 0 0 0 0 0 0 0 0 0 0 2 0 4 0 0 0 0 0 0 0 0 0 0 0 0 0 0 0 0 0 2 0 0 0 0 0 0 4 2 2 2 2 2 2 0 2 2 2 2 0 0 0 0 0 0 0 0 0 0 0 0 0 0 0 0 0 0 0 0 0 0 0 0 0 0 2 0 0 0 0 0 0 0 4 2 2 2 2 2 0 0 0 0 0 0 0 0 0 0 0 0 0 2 0 0 0 0 0 0 0 2 2 2 2 2 2 2 0 4 2 2 2 2 2 2 2 2 0 0 0 0 0 2 0 0 0 0 0 0 4 0 0 0 0 0 0 0 0 0 0 0 0 0 0 0 0 0 0 0 0 0 0 0 0 0 0 0 2 0 0 0 0 0 0 0 4 0 0 0 0 0 0 0 0 0 0 0 0 0 0 0 0 0 0 0 0 0 0 0 0 0 0 0 0 0 0 0 0 0 0 4 
31:/home/thomas/.luarocks/share/lua/5.1/mineunit/game/constants.lua
0 0 0 0 0 0 0 0 2 2 2 0 0 0 2 2 2 2 2 0 0 0 2 0 2 0 2 0 0 0 2 
801:/home/thomas/.luarocks/share/lua/5.1/mineunit/game/item.lua
0 0 2 0 0 0 0 0 0 0 0 2 0 0 0 0 0 4 0 0 0 0 0 0 2 0 4 0 0 0 0 0 0 0 0 0 0 2 0 4 0 0 0 0 0 0 0 0 0 0 0 0 0 0 0 0 0 0 0 0 0 0 0 0 0 0 0 0 0 0 0 0 0 0 0 0 0 0 0 0 0 0 0 0 0 0 0 0 0 0 2 0 0 2 2 2 2 2 2 2 2 0 2 2 2 2 2 2 2 2 4 0 2 0 4 0 0 0 0 0 0 0 0 0 0 0 0 0 0 0 0 0 0 0 2 0 0 2 2 2 2 2 2 2 2 4 0 2 0 4 0 2 0 4 0 2 0 4 0 0 2 0 4 0 0 0 0 0 0 0 0 0 0 2 0 4 0 0 0 0 0 0 0 0 0 0 0 0 0 0 0 0 0 0 0 0 0 0 0 0 0 0 0 0 0 0 0 0 0 0 0 0 0 0 0 0 0 0 0 0 0 0 0 0 0 0 0 0 0 0 0 0 0 0 0 0 0 0 0 0 0 0 0 0 0 0 2 0 0 0 2 0 0 0 0 2 0 4 0 0 0 0 0 0 0 0 0 0 0 0 0 0 0 0 0 0 0 0 0 0 0 0 0 0 0 0 0 0 0 0 0 0 0 0 0 0 0 0 0 0 0 0 0 0 0 0 0 0 0 0 0 0 0 0 0 0 0 0 0 0 0 0 0 0 0 0 0 0 0 0 0 0 0 0 0 0 0 0 0 0 0 0 0 0 0 0 0 0 0 0 0 0 0 0 0 0 0 0 0 0 0 0 0 0 0 0 0 0 0 0 0 0 0 0 0 0 0 0 0 0 0 0 0 0 0 0 0 0 0 0 0 0 0 0 0 0 0 0 0 0 0 0 0 0 0 0 2 0 0 4 0 0 0 0 0 0 2 0 4 0 0 0 0 0 0 0 0 0 0 0 0 0 0 0 0 2 0 4 0 2 0 4 0 0 0 0 0 0 0 0 0 0 0 0 0 0 0 0 0 0 0 0 0 2 0 4 0 0 0 0 0 0 0 0 0 0 0 0 0 0 0 0 0 0 0 0 0 0 0 0 0 0 0 0 0 0 0 0 0 0 2 0 4 0 0 0 0 0 2 0 4 0 0 0 0 0 0 0 0 2 0 4 0 0 0 0 0 0 0 0 0 0 0 0 0 0 0 0 0 0 0 0 0 0 0 0 0 2 0 4 0 0 0 0 0 0 0 0 0 0 0 0 0 0 0 0 0 0 0 0 0 0 0 0 0 0 0 0 0 0 0 0 0 0 0 0 0 0 0 0 0 0 0 0 0 0 0 0 0 0 0 0 0 0 0 0 0 0 0 0 0 0 0 0 0 0 0 0 0 0 0 0 0 0 0 0 0 0 0 0 0 0 0 0 0 0 0 0 0 0 0 0 0 0 0 0 0 0 0 0 0 2 0 4 0 0 0 2 0 4 0 0 0 2 0 0 0 0 0 0 0 24 2 0 0 0 0 0 2 0 2 0 2 0 2 2 2 2 2 2 2 2 2 2 0 0 2 2 2 2 0 2 2 2 0 2 0 2 2 2 0 0 2 2 0 0 0 0 0 0 0 2 2 2 2 2 2 2 2 2 2 2 2 2 2 2 2 2 2 2 2 2 2 2 0 2 2 0 2 2 2 2 2 2 2 2 0 0 2 2 2 2 2 0 2 2 0 2 2 2 2 2 2 2 2 0 0 2 2 2 2 2 0 2 2 0 2 2 2 2 2 2 2 2 0 0 2 2 2 2 2 
262:/home/thomas/.luarocks/share/lua/5.1/mineunit/game/misc.lua
0 0 0 0 0 0 4 0 0 0 0 0 0 0 0 0 0 0 0 0 0 0 0 0 0 0 0 0 0 0 0 0 0 0 0 0 0 0 0 2 0 0 4 0 0 0 2 0 0 4 0 0 0 0 0 2 0 0 4 0 0 0 0 0 0 0 0 2 0 0 4 0 0 2 0 0 4 0 0 0 0 0 2 0 0 4 0 2 0 0 0 0 0 4 0 0 0 0 0 0 0 0 0 0 0 0 0 0 2 0 0 4 0 0 0 2 0 0 4 0 0 0 0 0 0 0 2 0 0 4 0 0 0 0 0 2 0 0 4 0 0 2 0 0 4 0 0 0 0 0 2 0 0 0 0 4 0 2 0 0 4 0 0 0 2 0 0 0 2 4 0 2 0 0 0 4 0 0 0 0 0 0 0 0 0 0 0 0 0 0 0 0 0 0 0 0 0 0 0 0 0 0 0 0 0 0 0 0 0 0 0 0 0 0 0 0 0 2 0 0 2 2 4 0 0 0 0 0 0 0 2 0 0 0 0 4 0 0 0 0 0 0 0 0 0 0 0 0 0 0 0 2 0 0 4 0 2 0 0 4 0 4 
101:/home/thomas/.luarocks/share/lua/5.1/mineunit/game/privileges.lua
0 0 0 0 0 0 2 0 4 0 40 8 0 40 30 0 40 0 0 80 40 40 32 0 8 0 40 40 42 0 2 2 2 2 0 4 2 2 0 4 2 2 0 4 2 2 0 4 2 2 2 0 4 2 2 0 4 2 2 2 0 4 2 2 2 0 4 2 2 0 4 2 2 2 0 4 2 2 0 4 2 2 0 4 2 2 0 4 2 2 0 4 2 2 2 0 0 4 0 0 4 
619:/home/thomas/.luarocks/share/lua/5.1/mineunit/game/register.lua
0 0 0 0 0 0 2 2 0 2 2 0 2 2 0 0 0 0 0 2 2 2 2 2 2 2 2 0 0 0 2 0 0 2 0 2 2 2 2 0 0 0 2 2 2 2 2 2 2 2 2 2 2 0 0 0 14 0 0 8 0 0 6 6 0 0 0 0 0 6 6 0 0 0 0 6 0 2 0 4 0 12 12 12 14 0 4 0 2 2 2 2 4 0 4 0 0 0 0 0 0 0 0 0 0 0 0 2 0 4 0 12 0 0 12 12 0 0 12 0 0 12 12 0 0 12 0 8 0 8 0 0 0 0 0 8 0 0 0 0 8 8 4 0 0 4 0 0 4 4 0 0 0 0 0 12 0 0 0 0 12 0 0 0 0 0 0 0 12 0 0 0 0 0 0 0 0 12 0 0 12 0 0 12 12 12 14 0 4 0 0 0 0 0 0 0 0 0 0 0 0 0 0 0 0 0 0 2 0 4 8 8 10 0 4 0 0 0 0 0 0 0 0 0 2 0 4 0 0 0 0 0 0 0 0 0 0 0 0 0 0 0 0 0 0 0 0 0 0 0 0 0 0 0 0 0 0 0 0 0 0 0 0 0 0 0 0 0 0 0 0 0 0 0 0 2 0 4 0 0 0 0 0 0 0 0 0 0 0 2 0 4 0 0 0 0 0 0 0 0 0 0 0 2 0 4 0 0 0 0 2 0 4 0 0 0 0 2 0 0 0 22 20 20 0 0 0 0 0 0 4 2 2 2 2 2 2 2 2 0 0 4 2 2 2 2 2 2 2 2 2 2 2 2 2 2 0 0 4 2 2 2 2 2 2 2 2 2 2 2 2 2 0 0 0 0 0 0 2 0 0 0 4 2 2 2 0 0 0 4 0 0 0 0 0 0 0 0 0 0 0 0 0 0 2 0 0 2 0 4 0 0 0 0 0 0 0 0 0 0 0 0 0 0 0 0 0 0 0 0 0 0 0 0 0 0 0 0 0 0 0 0 0 0 0 0 0 0 0 2 0 4 0 0 0 0 0 0 0 0 0 2 0 0 0 0 0 0 60 0 14 14 14 14 14 0 0 74 60 2 0 0 2 0 0 0 0 0 0 0 0 2 2 2 0 0 6 0 6 6 0 0 0 0 0 0 0 0 0 6 0 6 6 0 0 0 0 6 0 6 2 0 0 0 0 0 0 0 0 0 0 0 0 0 0 0 0 2 2 2 0 2 0 4 0 0 0 0 0 0 0 0 0 0 0 0 0 0 0 0 0 2 0 4 0 0 0 0 0 0 0 0 0 2 0 2 2 2 0 4 4 0 2 2 2 2 2 2 2 2 2 2 2 2 2 2 2 2 2 2 2 2 2 2 2 2 2 2 2 2 2 2 2 0 0 0 0 0 2 
42:/home/thomas/.luarocks/share/lua/5.1/mineunit/globals.lua
0 0 0 0 0 0 0 0 2 4 0 2 0 0 0 2 0 0 0 2 2 2 0 0 0 2 2 2 0 2 0 0 0 0 0 2 0 2 0 0 0 2 
330:/home/thomas/.luarocks/share/lua/5.1/mineunit/init.lua
0 0 0 2 2 0 0 0 2 4 88 2 0 2 2 2 2 2 2 2 2 0 2 2 0 0 2 2 2 2 2 2 2 0 2 0 0 0 2 0 2 2 4 0 36 30 30 0 36 38 0 0 2 0 0 0 0 0 0 0 4 160 56 0 104 2 2 0 2 60 20 2 2 2 2 0 4 2 2 4 0 4 10 2 0 4 48 2 0 4 10 2 0 4 2 0 0 2 2 0 4 0 4 0 0 0 0 0 0 0 0 2 0 0 2 2 2 2 0 0 2 0 2 4 4 0 0 2 0 4 4 8 4 4 0 0 4 0 0 4 4 4 2 0 2 2 0 0 0 0 0 0 0 0 0 2 0 0 6 6 6 6 2 0 2 4 4 4 4 2 0 2 0 0 0 2 0 4 12 12 12 12 0 0 0 14 0 0 2 2 0 0 0 2 2 0 4 2 0 0 0 0 0 0 0 0 0 0 0 0 0 0 0 0 0 0 2 0 0 0 0 0 0 0 0 0 0 0 0 0 0 0 0 4 0 0 2 2 0 0 2 2 2 2 2 2 2 2 0 0 0 0 0 0 0 0 0 2 2 0 0 0 2 2 8 6 6 2 0 0 2 0 0 0 2 0 0 0 0 0 2 0 2 0 0 0 0 0 0 0 0 0 2 0 2 0 0 0 0 0 0 0 0 2 0 0 0 0 0 0 0 0 0 0 2 0 0 0 2 2 0 2 2 2 0 2 2 2 0 2 
150:/home/thomas/.luarocks/share/lua/5.1/mineunit/itemstack.lua
0 2 0 2 0 2 0 2 0 2 0 2 0 0 2 0 2 0 0 2 0 2 0 2 0 2 0 2 0 0 0 0 0 0 2 0 0 0 2 0 0 0 0 0 0 0 2 0 0 0 0 0 0 2 0 2 0 0 2 0 2 0 2 0 2 0 2 0 2 0 2 0 2 0 2 0 2 0 2 0 2 0 2 0 2 0 0 2 0 2 0 0 0 2 0 2 0 0 2 0 2 0 2 0 2 0 0 0 2 0 0 0 0 0 2 0 0 0 2 0 2 0 4 2 0 0 0 0 0 0 0 0 0 0 0 0 0 0 0 0 0 0 0 0 0 0 0 0 2 2 
165:/home/thomas/.luarocks/share/lua/5.1/mineunit/metadata.lua
0 2 0 2 0 2 0 2 0 2 0 0 2 0 0 0 0 0 2 0 2 0 2 0 2 0 2 0 2 0 2 0 2 0 2 0 2 0 2 0 2 0 2 0 2 0 2 0 2 0 2 0 2 0 2 0 2 0 2 0 0 0 0 2 0 2 0 0 0 0 0 2 0 2 0 0 0 2 0 2 0 4 2 0 0 0 0 0 0 0 0 0 0 0 0 0 2 0 0 2 2 2 2 0 0 2 2 2 2 2 2 2 2 2 0 4 2 0 0 0 0 0 0 0 0 0 0 0 0 0 2 0 0 2 2 2 0 4 2 0 0 0 0 0 0 0 0 0 0 0 0 0 0 2 0 0 0 2 2 0 0 0 0 0 2 
80:/home/thomas/.luarocks/share/lua/5.1/mineunit/player.lua
0 2 0 2 0 2 0 0 0 0 0 0 0 0 0 0 0 0 0 0 0 0 0 2 0 2 0 2 0 0 0 0 0 2 0 2 0 0 0 2 0 2 2 0 2 2 0 2 0 0 0 0 2 0 2 2 0 2 2 0 2 2 0 2 0 4 2 0 0 0 0 0 0 0 0 0 0 0 2 2 
92:/home/thomas/.luarocks/share/lua/5.1/mineunit/settings.lua
0 2 0 0 0 0 0 0 0 0 2 0 2 10 10 2 0 2 6 6 6 6 0 0 2 0 2 0 2 0 2 0 2 0 2 0 0 2 0 2 0 0 0 2 0 2 0 0 0 0 0 2 0 2 0 0 0 0 0 2 0 0 4 4 0 0 0 0 0 0 0 0 0 0 6 0 4 2 0 2 2 0 2 2 2 0 0 2 2 2 2 2 
163:/usr/local/share/lua/5.1/busted/block.lua
0 0 0 0 0 0 0 0 0 0 0 0 0 0 0 1 1 0 1 51 0 51 52 0 1 3 3 54 51 48 0 0 4 0 0 0 0 0 0 1 0 1 9 0 9 6 6 0 0 0 0 9 7 0 9 9 2 0 0 7 7 0 0 0 0 0 0 7 0 7 1 0 1 16 0 16 6 6 0 0 0 0 16 0 16 16 0 0 0 0 0 16 1 0 1 23 23 0 23 23 0 0 0 0 0 0 23 6 0 0 0 23 1 0 1 3 1 0 1 7 7 7 0 8 0 1 7 1 0 1 7 1 0 1 6 0 6 6 6 0 0 0 0 6 0 6 6 0 6 0 0 0 0 6 6 0 0 6 6 0 7 0 1 
124:/usr/local/share/lua/5.1/busted/context.lua
0 0 0 3 126 123 0 3 3 3 3 3 0 0 0 3 174 171 0 335 332 0 3 0 0 0 0 0 0 0 0 0 0 0 0 0 0 0 0 0 0 0 0 0 0 0 0 0 0 0 0 0 0 0 0 0 0 0 9 9 3 6 0 6 0 0 9 9 0 0 9 9 0 0 9 3 0 9 0 0 132 0 0 0 0 0 0 0 0 0 0 0 0 0 0 0 0 0 9 9 9 9 0 0 8 0 0 0 393 0 0 0 38 38 38 38 38 0 0 38 38 38 38 38 
315:/usr/local/share/lua/5.1/busted/core.lua
0 0 0 0 0 0 0 0 0 0 0 0 0 0 0 0 0 0 0 0 0 0 0 0 0 0 0 0 0 0 0 0 0 0 0 0 1 0 0 0 3 0 0 0 0 0 0 0 0 0 0 0 0 0 0 0 0 0 0 0 0 0 0 0 0 0 0 0 0 6 6 0 6 6 6 6 0 0 0 0 6 6 0 6 6 0 0 0 0 0 0 0 0 0 0 0 0 0 0 0 0 0 0 0 30 0 0 0 31 0 0 0 0 0 0 0 6 0 6 6 3 3 3 3 3 3 0 0 3 3 3 3 3 3 0 0 0 0 0 0 0 0 0 1 1 1 1 1 1 0 0 0 0 0 0 0 0 0 0 0 0 0 0 0 0 0 3 0 3 0 3 0 0 38 38 38 0 76 0 0 0 76 0 38 0 0 0 0 0 0 0 0 0 0 0 0 0 0 0 0 0 0 38 0 38 38 0 0 0 20 20 20 10 10 10 10 10 10 0 40 20 40 20 0 0 0 0 0 0 0 0 0 0 0 0 0 0 0 0 0 0 0 0 0 0 0 0 0 0 0 0 0 0 0 0 0 0 0 9 0 0 0 0 9 0 9 9 6 0 0 0 9 18 0 9 9 0 0 0 0 0 0 9 9 9 9 9 9 9 9 9 9 9 9 0 0 9 0 9 7 0 2 0 9 0 0 0 7 16 9 9 18 9 0 7 
31:/usr/local/share/lua/5.1/busted/environment.lua
0 0 0 0 0 0 0 423 0 397 315 397 0 0 0 0 0 0 0 0 108 0 0 0 0 0 0 0 0 0 3 
72:/usr/local/share/lua/5.1/busted/execute.lua
1 1 1 0 0 0 0 0 0 0 0 0 1 0 0 1 0 0 1 1 0 0 0 0 0 0 0 0 0 0 0 0 0 0 0 0 0 0 1 0 2 1 0 0 0 0 0 1 0 1 0 0 0 0 1 1 1 1 0 1 1 0 1 0 1 0 0 0 2 0 1 1 
127:/usr/local/share/lua/5.1/busted/init.lua
0 0 0 0 3 3 3 0 3 3 0 0 3 3 3 0 3 3 0 0 3 3 0 3 0 0 0 0 3 0 3 3 3 0 3 0 3 3 3 3 3 0 0 0 0 0 0 3 0 0 3 3 0 0 0 0 0 0 0 0 0 0 0 0 0 0 0 0 0 0 0 0 0 0 0 0 0 0 0 0 0 0 0 0 0 0 0 0 0 0 0 0 0 0 0 0 0 0 0 0 0 0 0 0 0 0 0 0 0 0 0 0 0 0 0 0 0 0 0 0 0 0 0 0 0 0 23 
50:/usr/local/share/lua/5.1/busted/languages/en.lua
1 0 1 0 0 1 1 1 1 0 1 1 1 1 0 1 1 1 1 0 1 1 1 1 0 1 0 1 1 0 0 1 1 1 1 1 1 1 1 1 0 1 1 1 1 1 1 0 1 1 
23:/usr/local/share/lua/5.1/busted/modules/files/lua.lua
1 0 1 0 0 6 6 6 1 0 0 3 1 0 0 3 3 0 0 3 1 0 1 
107:/usr/local/share/lua/5.1/busted/modules/files/moonscript.lua
1 0 2 1 1 0 1 0 0 0 0 0 0 0 0 0 0 1 0 0 0 0 0 0 0 0 0 0 0 0 1 0 0 0 0 0 1 0 0 0 0 0 0 0 0 0 0 0 0 0 0 0 0 0 0 0 0 0 0 0 0 0 0 0 0 0 1 0 1 0 0 0 0 0 0 0 0 0 0 0 1 0 0 0 0 0 0 0 0 0 0 0 1 0 0 0 1 0 0 0 0 0 0 0 1 0 1 
129:/usr/local/share/lua/5.1/busted/modules/filter_loader.lua
0 0 0 3 3 0 6 6 3 3 0 0 3 1 0 0 0 0 1 0 0 6 0 0 0 0 6 1 0 0 3 3 0 0 0 0 3 1 0 0 6 0 0 0 0 6 1 0 0 3 0 0 0 0 3 1 0 0 0 0 0 0 0 0 0 0 0 1 0 0 0 1 0 1 0 0 0 0 0 0 1 0 0 0 1 0 0 8 14 10 0 0 9 0 0 0 0 0 0 0 0 1 0 1 0 0 0 0 0 0 0 0 0 0 0 0 0 0 1 1 1 1 0 0 1 1 1 1 1 
34:/usr/local/share/lua/5.1/busted/modules/output_handler_loader.lua
0 0 0 0 0 0 0 0 1 2 1 0 1 0 0 1 0 2 0 1 0 0 0 1 0 0 0 0 1 0 0 0 1 1 
101:/usr/local/share/lua/5.1/busted/modules/test_file_loader.lua
1 0 0 1 1 1 1 0 3 2 2 0 0 0 0 0 1 0 1 1 1 0 2 545 545 0 0 0 0 1087 545 3 0 0 542 2 0 2 3 0 0 3 0 2 0 0 0 0 0 1 1 1 0 0 1 2 1 0 1 1 0 0 0 3 3 3 0 0 1 0 0 1 0 4 3 0 3 6 3 3 3 3 0 0 3 0 0 0 1 0 0 0 0 0 0 0 1 1 0 1 1 
179:/usr/local/share/lua/5.1/busted/outputHandlers/base.lua
0 1 1 1 1 1 1 1 1 1 1 1 0 0 0 9 1 0 0 1 1 0 1 0 0 0 1 1 1 1 1 1 1 1 1 1 2 0 0 3 3 0 6 6 0 3 3 0 0 3 1 0 0 0 3 36 33 27 0 0 3 3 0 3 3 3 3 3 3 3 0 3 0 3 1 0 0 1 0 0 0 1 1 0 0 1 1 1 1 0 0 0 0 0 0 0 0 0 0 0 0 0 1 0 0 1 1 1 1 0 0 3 3 1 0 0 0 0 3 3 3 0 0 0 0 0 0 0 0 0 0 0 0 0 3 0 3 3 3 0 0 0 3 0 0 3 0 3 1 0 0 0 0 0 0 1 0 0 0 0 1 0 0 0 0 0 1 0 0 0 0 0 0 0 0 1 0 1 1 
188:/usr/local/share/lua/5.1/busted/outputHandlers/utfTerminal.lua
1 1 1 0 1 0 1 0 0 0 1 0 0 0 1 1 0 1 1 1 1 0 0 0 0 0 0 0 0 0 0 0 0 0 0 0 0 1 0 0 0 0 0 0 0 0 0 0 0 0 1 0 0 0 0 0 0 0 0 0 0 0 0 0 0 0 0 0 0 0 0 0 0 0 0 1 0 0 1 1 1 1 0 1 1 1 1 1 0 1 0 1 0 0 0 1 1 0 0 0 0 1 1 0 0 0 0 1 1 0 0 0 0 1 0 1 1 1 1 1 1 0 0 3 3 0 3 0 3 0 3 0 0 0 3 3 0 0 3 1 0 0 1 1 1 0 1 1 0 0 1 1 0 1 0 0 0 0 1 0 0 0 0 1 0 0 0 0 1 1 0 0 0 0 0 0 1 0 1 1 1 1 1 1 1 0 1 1 
208:/usr/local/share/lua/5.1/busted/runner.lua
0 0 0 0 0 0 0 0 0 0 0 0 0 0 0 0 0 0 0 0 0 0 0 0 0 0 0 0 0 0 0 0 0 0 0 0 0 0 0 0 0 0 0 0 0 0 0 0 0 0 0 0 0 0 0 0 0 0 0 1 0 0 0 0 0 0 1 0 0 0 0 1 0 0 0 0 0 1 1 0 0 1 1 0 0 0 1 1 0 0 0 0 0 1 1 1 0 2 0 0 1 0 2 0 0 1 0 2 0 0 0 1 0 2 0 0 0 0 0 0 0 1 0 0 1 1 1 0 0 2 1 1 1 1 1 1 1 0 0 0 1 1 0 0 0 0 0 0 0 0 0 0 0 0 0 0 0 0 0 1 0 0 0 0 0 0 0 0 2 1 1 1 1 1 1 1 0 0 1 0 1 1 1 2 1 1 1 1 0 0 0 0 0 0 1 1 2 1 1 1 0 0 1 0 1 0 0 1 
42:/usr/local/share/lua/5.1/busted/status.lua
0 44 44 44 44 44 44 44 44 0 44 0 0 0 41 41 67 41 41 41 0 0 0 41 0 0 0 41 0 0 0 3 3 3 0 44 0 0 82 41 47 41 
35:/usr/local/share/lua/5.1/busted/utils.lua
0 0 0 1 1 7 6 6 0 0 1 0 0 0 0 0 0 0 0 0 0 0 0 0 0 0 1 1 1 1 1 5 4 0 1 
177:/usr/local/share/lua/5.1/luassert/assert.lua
0 0 0 0 0 0 0 0 0 0 0 1 0 1 0 0 1 1 0 0 1 0 0 0 0 0 28 0 28 0 68 40 0 0 28 68 40 12 0 0 0 28 28 28 0 28 1 1 0 0 1 1 0 0 27 0 0 27 0 0 0 0 0 0 0 0 0 0 0 0 0 0 0 0 68 40 0 0 28 0 0 0 0 28 0 0 0 4 4 0 0 4 4 4 4 4 4 4 0 0 0 0 0 0 0 0 0 0 0 0 0 0 0 0 0 0 0 0 0 0 0 1 1 3 2 2 2 2 2 0 0 1 0 0 0 0 0 0 0 0 0 0 0 0 0 0 0 0 0 0 0 0 0 0 0 0 0 0 0 0 0 0 0 0 0 0 0 0 16 0 0 0 16 0 0 0 28 
296:/usr/local/share/lua/5.1/luassert/assertions.lua
0 0 0 0 0 0 0 0 0 0 0 0 0 0 0 0 0 0 28 0 0 28 0 0 0 0 0 0 0 0 0 0 0 0 0 0 0 0 0 0 0 0 0 0 0 0 0 0 0 0 0 0 0 0 0 0 0 0 0 0 0 0 0 0 0 0 0 0 0 0 0 0 0 0 0 0 0 0 0 0 0 0 0 0 0 0 0 0 0 0 0 0 0 0 0 0 0 0 0 0 0 0 0 0 0 0 0 0 0 0 0 0 16 16 16 16 0 16 16 16 0 0 0 0 0 0 0 0 0 0 0 0 0 0 0 0 0 0 0 0 0 0 0 0 0 0 0 0 0 0 0 0 0 0 0 0 0 0 0 0 0 0 0 0 0 0 0 0 0 0 0 0 0 0 0 0 0 0 0 0 0 0 0 0 0 0 0 0 0 0 0 0 0 0 0 0 0 0 0 0 0 0 0 0 0 0 0 0 0 0 0 0 0 0 0 0 0 0 0 0 0 0 0 0 0 0 0 0 0 0 0 0 0 0 0 0 0 0 0 0 0 0 0 0 0 0 0 0 0 0 0 0 0 0 0 0 0 0 0 0 0 0 0 0 0 0 0 0 0 0 12 12 12 12 12 0 0 0 0 0 0 0 0 0 0 0 0 0 0 0 0 0 0 0 0 12 
202:/usr/local/share/lua/5.1/luassert/formatters/init.lua
0 0 0 0 0 0 0 0 0 0 0 0 0 0 0 0 0 0 0 0 0 0 0 0 0 0 0 0 2 0 0 0 2 0 2 0 2 0 0 0 2 0 2 0 0 0 0 0 2 0 0 0 2 2 0 0 0 0 2 0 0 2 0 0 2 0 0 2 0 0 0 0 0 0 0 0 0 0 0 0 0 0 0 0 0 0 0 0 0 0 0 0 0 0 0 0 0 0 0 0 0 0 0 0 0 0 0 0 0 0 0 0 0 0 0 2 2 0 0 0 0 0 0 0 0 0 0 0 0 0 0 0 0 0 0 0 0 0 0 0 0 0 0 0 0 0 0 0 0 0 0 0 0 0 0 0 0 0 0 0 0 0 0 0 0 0 0 0 0 0 0 0 0 0 0 0 0 0 0 0 0 0 0 0 0 2 0 0 0 2 0 0 2 0 0 2 0 0 2 0 0 2 
10:/usr/local/share/lua/5.1/luassert/modifiers.lua
0 0 0 0 0 0 0 0 12 12 
92:/usr/local/share/lua/5.1/luassert/state.lua
0 0 0 0 0 0 0 0 0 0 0 0 0 0 0 0 0 0 0 0 0 0 0 0 0 0 0 0 0 0 0 0 0 0 0 0 0 0 0 0 0 0 0 0 0 0 0 0 0 0 0 0 0 0 0 0 0 0 0 0 0 0 0 0 0 0 0 0 0 0 0 0 0 0 0 0 0 0 0 0 0 0 0 0 0 0 0 0 2 14 14 14 
283:/usr/local/share/lua/5.1/luassert/util.lua
0 0 0 0 0 0 0 0 0 0 0 0 0 0 0 0 0 0 0 0 0 0 0 0 0 0 0 0 0 0 0 0 0 0 0 0 0 0 0 0 0 0 0 0 0 0 0 0 0 0 0 0 0 0 0 0 0 0 0 0 0 0 0 0 0 0 0 0 0 0 0 0 0 0 0 0 0 0 0 0 0 0 0 0 0 0 0 0 0 0 0 0 0 0 0 0 0 0 0 0 0 0 0 0 0 0 0 0 0 0 0 0 0 0 0 0 0 0 0 0 0 0 0 0 0 0 0 0 0 0 0 0 0 0 0 0 0 0 0 0 0 0 0 0 0 0 0 0 0 0 0 0 0 28 28 28 28 28 28 0 0 0 0 28 28 0 28 0 0 0 0 0 44 16 0 0 28 28 0 0 0 0 0 0 0 0 0 16 16 0 16 0 0 0 0 0 16 0 32 16 0 0 16 16 16 0 0 0 0 0 0 0 0 0 0 0 0 0 0 0 0 0 0 1 0 0 0 0 0 0 0 0 29 29 29 29 58 29 29 29 0 29 29 0 0 0 0 0 0 0 0 28 0 0 28 28 28 68 40 40 0 0 40 40 0 0 0 0 0 0 40 40 40 0 40 0 0 0 28 0 0 0 28 
154:/usr/local/share/lua/5.1/mediator.lua
0 31 0 0 0 31 31 31 31 0 0 0 0 0 31 0 31 31 0 0 0 0 0 25 25 25 25 25 25 0 0 31 31 0 31 0 31 20 20 0 15 0 0 31 0 31 25 0 0 0 0 0 0 0 0 0 0 0 0 25 0 0 0 0 0 0 0 0 25 0 0 25 25 25 0 0 0 25 0 0 116 25 0 0 0 0 0 0 0 0 0 0 0 25 0 0 102 40 0 0 40 0 40 0 40 40 0 0 0 62 41 0 21 0 25 25 0 0 0 0 0 0 0 0 0 0 0 0 0 0 0 61 0 177 116 0 0 61 0 0 0 31 0 0 0 0 0 0 0 0 0 0 0 30 
565:/usr/local/share/lua/5.1/pl/List.lua
0 0 0 0 0 0 0 0 0 0 0 0 0 0 0 0 0 0 0 0 1 1 1 1 1 1 1 0 1 1 0 0 1 1 0 1 0 1 0 0 0 0 0 0 0 0 1 0 0 0 1 0 1 0 1 0 1 0 0 0 0 0 0 1 0 0 0 0 0 0 0 0 0 0 0 0 1 0 0 0 0 1 0 0 0 1 0 0 0 0 1 0 0 1 0 1 0 0 0 0 0 1 0 0 0 1 0 0 0 0 0 0 1 0 0 0 1 0 0 0 0 1 0 1 0 0 0 0 0 1 0 0 0 1 0 0 0 0 0 0 0 1 0 0 0 0 1 0 0 0 0 0 0 1 0 0 0 1 0 1 0 0 0 0 0 0 0 0 1 1 0 0 0 0 1 0 1 0 0 0 0 1 0 0 0 0 0 1 0 0 0 0 1 0 0 0 1 0 0 0 0 1 0 1 0 0 0 1 0 0 0 0 0 0 0 1 0 0 0 0 1 0 0 0 0 0 0 0 1 0 0 0 0 0 0 0 0 1 0 1 0 0 0 1 0 0 1 0 1 0 0 0 0 0 0 0 0 0 0 0 1 0 0 0 0 0 0 0 0 0 0 0 0 0 0 0 1 0 0 1 0 1 0 0 0 0 0 0 0 0 1 0 1 0 0 0 0 0 0 0 1 0 0 0 0 0 0 0 0 1 0 0 0 0 0 0 1 0 0 0 0 0 0 1 0 0 0 0 0 1 0 0 0 0 1 0 0 0 0 0 1 0 0 0 0 0 1 0 0 0 0 0 1 0 0 0 1 0 0 0 0 0 0 1 0 0 0 0 0 0 0 1 0 0 0 0 1 0 1 0 0 0 0 1 0 0 0 0 1 0 0 0 0 0 1 0 0 0 0 1 0 0 0 0 0 1 0 0 0 0 0 1 0 1 0 0 0 0 0 0 1 0 0 1 0 0 0 0 0 0 0 0 1 0 1 0 0 0 0 0 0 1 0 0 1 0 0 0 0 0 0 0 0 1 0 1 0 0 0 0 0 0 0 1 0 0 0 0 0 0 0 1 0 0 0 0 0 1 0 1 0 0 0 0 0 0 0 0 0 0 0 1 0 1 0 0 0 0 0 1 0 1 0 0 0 0 0 0 0 0 1 0 0 0 0 0 0 0 0 0 0 1 0 0 1 0 1 0 0 0 0 0 0 0 1 0 0 0 0 0 0 0 0 0 0 0 0 0 0 0 0 0 0 0 0 0 0 0 0 0 0 1 1 0 1 
218:/usr/local/share/lua/5.1/pl/class.lua
0 0 0 0 0 0 0 0 0 0 0 0 0 0 0 0 0 0 0 0 0 0 0 0 0 0 0 0 0 0 0 0 0 0 0 0 0 0 0 0 0 0 0 0 0 0 0 0 0 0 0 0 0 0 0 0 0 0 0 0 0 0 0 0 0 0 0 0 0 0 0 0 0 0 0 0 0 0 0 0 0 0 0 0 0 0 0 0 0 0 0 0 0 0 0 0 0 0 0 0 0 0 0 0 0 0 0 0 0 0 0 0 0 0 0 0 0 0 0 0 0 0 0 0 0 0 0 0 0 0 1 0 1 1 0 0 0 1 0 0 1 0 0 0 0 0 0 1 0 0 0 1 1 1 1 1 0 0 1 0 0 0 0 0 0 0 0 0 0 0 0 0 0 0 0 0 0 0 0 0 0 0 1 0 0 0 0 0 0 0 0 1 1 1 1 1 0 1 1 0 0 1 0 0 0 0 0 0 0 0 0 0 0 0 0 0 0 1 
506:/usr/local/share/lua/5.1/pl/dir.lua
0 0 0 0 0 0 0 1 1 1 1 1 1 1 1 1 1 1 0 1 1 0 1 0 0 1 1 0 0 1 2 0 0 545 545 1 0 0 0 0 0 0 0 0 0 0 1 0 0 0 1 0 0 0 0 0 0 1 0 0 0 0 0 0 0 0 1 0 0 0 0 0 0 0 0 0 0 0 0 0 0 1 0 0 0 0 0 0 1 0 0 0 0 0 0 0 0 0 0 1 0 0 0 0 0 1 0 0 1 0 1 0 0 0 0 0 0 0 0 0 0 0 0 0 0 1 0 0 0 0 0 0 0 0 0 0 0 0 0 0 0 0 0 0 0 0 0 0 0 0 0 0 0 0 0 0 0 0 0 0 0 0 0 0 0 0 0 0 0 0 0 0 0 0 0 0 0 0 0 0 0 0 0 1 0 0 0 1 0 0 0 0 0 0 0 0 0 0 0 0 0 0 0 0 0 0 0 0 0 0 0 0 0 0 0 0 0 0 0 0 0 0 0 0 0 0 0 0 0 1 0 0 0 0 0 0 0 1 0 0 0 0 1 0 0 0 0 0 0 1 0 0 0 1 0 0 0 0 0 0 0 0 0 0 0 0 0 0 0 0 1 0 0 0 0 0 0 0 0 0 0 0 0 0 0 0 1 0 0 0 0 0 0 0 0 0 0 0 0 0 0 0 0 0 0 0 0 0 0 0 0 0 0 0 0 0 1 0 0 0 0 0 0 1 0 0 0 0 0 0 0 0 0 0 0 1 0 1 1 0 0 1 0 0 1 0 0 0 0 0 0 0 0 0 0 0 0 0 1 0 0 0 0 0 0 1 0 0 0 0 0 1 0 0 0 0 0 0 0 0 0 0 0 0 0 0 1 0 0 0 0 0 0 0 0 0 0 0 0 0 0 0 0 0 0 0 0 0 0 0 0 0 0 0 0 0 0 0 0 0 0 0 0 0 0 0 0 0 1 0 0 0 0 0 0 0 1505 1505 1 0 0 1504 1504 1504 240 240 0 0 1264 784 784 784 784 239 0 784 0 0 0 480 1 0 0 0 0 0 0 1 1 0 1 1 0 0 0 1 0 1 1 0 0 0 0 0 0 0 0 1 1 1 0 1 1 785 784 545 545 545 0 0 0 0 1 1 0 1 
406:/usr/local/share/lua/5.1/pl/path.lua
0 0 0 0 0 0 0 0 0 0 0 0 0 0 0 0 0 0 0 0 0 0 0 0 0 0 0 0 0 0 0 0 0 0 0 0 0 0 0 0 0 0 0 0 0 0 0 0 0 0 0 0 0 0 0 0 0 0 0 0 0 0 0 0 0 0 0 0 0 0 0 0 0 0 786 786 0 0 786 0 0 0 0 0 11 11 0 0 0 0 0 0 0 0 0 0 0 0 0 0 0 0 0 0 0 0 0 0 0 0 784 784 0 0 0 0 0 0 0 0 0 0 0 0 0 0 0 0 0 0 0 0 0 0 0 0 0 19054 0 0 0 0 0 0 0 0 0 0 0 0 0 0 0 0 0 0 0 0 0 0 0 0 0 0 0 0 0 0 0 0 0 0 0 0 0 0 0 0 0 0 0 0 0 0 0 0 557 557 557 18936 18379 18379 0 557 0 0 557 0 0 0 0 0 0 0 0 0 0 0 0 0 0 0 0 0 0 0 0 0 0 0 0 0 0 0 0 0 0 0 0 0 0 0 3 3 3 12 9 0 0 9 9 0 3 0 0 3 0 0 0 0 0 0 0 0 0 0 0 12 12 12 0 0 0 0 0 0 0 0 0 0 545 545 545 0 0 0 0 0 0 0 0 0 0 3 3 3 0 0 0 0 0 0 0 0 0 0 0 0 0 0 0 0 0 0 0 0 0 0 0 0 0 0 0 0 0 0 0 0 0 0 0 0 0 0 0 0 0 0 0 0 0 0 0 0 0 0 0 0 0 0 0 0 0 0 0 0 0 1090 1090 0 0 1090 0 0 0 0 0 0 0 0 0 106 0 106 106 0 0 0 0 0 0 0 0 0 0 0 0 0 0 0 0 0 0 106 0 0 106 0 0 0 0 106 406 300 0 0 0 0 0 300 196 0 0 106 106 106 
889:/usr/local/share/lua/5.1/pl/tablex.lua
0 0 0 0 0 0 0 0 0 0 0 0 0 0 0 0 0 0 0 0 0 2 2 0 0 0 0 0 0 0 0 0 0 0 0 0 0 0 2 0 0 2 0 0 4 0 0 4 0 0 0 0 0 0 0 0 0 0 0 0 0 0 0 0 0 0 0 0 0 0 0 0 0 0 0 0 0 0 0 0 0 0 0 0 0 0 0 0 0 4 4 304 300 0 4 0 0 0 0 0 0 0 0 0 0 0 0 0 0 0 0 0 0 0 0 0 0 0 0 0 0 0 0 0 0 0 0 0 0 0 0 0 0 0 0 0 0 0 0 0 0 0 0 0 0 0 0 0 0 0 0 0 0 0 0 0 0 0 0 0 0 0 0 0 0 0 0 0 0 0 0 0 0 0 0 0 0 0 0 0 0 0 0 0 0 0 0 0 0 0 0 0 0 0 0 0 0 0 0 0 0 0 0 0 0 0 0 0 0 0 0 0 0 0 0 0 0 0 0 0 0 0 0 0 0 0 0 0 0 0 0 0 0 0 0 0 0 0 0 0 0 0 0 0 0 0 0 0 0 0 0 0 0 0 0 0 0 0 0 0 0 0 0 0 0 0 0 0 0 0 0 0 0 0 0 0 0 0 0 0 0 0 0 0 0 0 0 0 0 0 0 0 0 0 0 0 0 0 0 0 0 0 0 0 0 0 0 0 0 0 0 0 0 0 0 0 0 0 0 0 0 0 0 0 0 0 0 0 0 0 0 0 0 0 0 0 0 0 0 0 0 0 0 0 0 0 0 0 0 0 0 0 0 0 0 0 0 0 0 0 0 0 0 0 0 0 0 0 0 0 0 0 0 0 0 0 0 0 0 0 0 0 0 0 0 0 0 0 0 0 0 0 0 0 0 0 0 0 0 0 0 0 0 0 0 0 0 0 0 0 0 0 0 0 0 0 0 0 0 0 0 0 0 0 0 0 0 0 0 0 0 0 0 0 0 0 0 0 0 0 0 0 0 0 0 0 0 0 0 0 0 0 0 0 0 0 0 0 0 0 0 0 0 0 0 0 0 0 0 0 0 0 0 0 0 0 0 0 0 0 0 0 0 0 0 0 0 0 0 0 0 0 0 0 0 0 0 0 0 0 0 0 0 0 0 0 0 0 0 0 0 0 0 0 0 0 0 0 0 0 0 0 0 0 0 0 0 0 0 0 0 0 0 0 0 0 0 0 0 0 0 0 0 0 0 0 0 0 0 0 0 0 0 0 0 0 0 0 0 0 0 0 0 0 0 0 0 0 0 0 0 0 0 0 0 0 0 0 0 0 0 0 0 0 0 0 0 0 0 0 0 0 0 0 0 0 0 0 0 0 0 0 0 0 0 0 0 0 0 0 0 0 0 0 0 0 0 0 0 0 0 0 0 0 0 0 0 0 0 0 0 0 0 0 0 0 0 0 0 0 0 0 0 0 0 0 0 0 0 0 0 0 0 0 0 0 0 0 0 0 0 0 0 0 0 0 0 0 0 0 0 0 0 0 0 0 0 0 0 0 0 0 0 0 0 0 0 0 0 0 0 0 0 0 0 0 0 0 0 0 0 0 0 0 0 0 0 0 0 0 0 0 0 0 0 0 0 0 0 0 0 0 0 0 2 2 2 550 548 548 6 6 0 0 2 0 0 0 0 0 0 0 0 0 0 0 0 0 0 0 0 0 0 0 0 0 0 0 0 0 0 0 0 0 0 0 0 0 0 0 0 0 0 0 0 0 0 0 0 0 0 0 0 0 0 0 0 0 0 0 0 0 0 0 0 0 0 0 0 0 0 0 0 0 0 0 0 0 0 0 0 0 0 0 0 0 0 0 0 0 0 0 0 0 0 0 0 0 0 0 0 0 0 0 0 0 0 0 0 0 0 0 0 0 0 0 0 0 0 0 0 0 0 0 0 0 0 0 0 0 0 0 0 0 0 0 0 0 0 0 0 0 1 1 1 1 0 0 0 1 1 0 0 1 4 3 0 0 1 
115:/usr/local/share/lua/5.1/pl/types.lua
0 0 0 0 0 0 0 0 0 0 0 0 0 0 0 0 0 0 0 0 0 0 0 0 0 0 0 0 0 0 0 0 0 0 0 0 0 0 0 0 0 0 0 0 0 0 0 0 0 0 0 0 0 0 0 0 0 0 0 0 0 0 0 0 0 0 0 0 0 0 0 0 0 0 0 0 0 0 0 0 0 0 0 0 6 0 0 0 0 0 0 0 0 0 0 0 0 0 2 2 0 0 0 0 0 0 0 0 0 0 0 0 0 4 4 
462:/usr/local/share/lua/5.1/pl/utils.lua
0 0 0 0 0 0 0 0 0 0 0 0 0 0 0 0 0 0 0 0 0 0 0 0 0 0 0 0 0 0 0 0 0 0 0 0 0 0 0 0 0 0 0 0 0 0 0 0 0 0 0 0 0 0 0 0 0 0 0 0 0 0 0 0 0 0 0 0 0 0 0 0 0 0 0 0 0 0 0 0 0 0 0 0 0 0 0 0 0 0 0 0 0 0 0 0 0 0 0 0 0 0 0 0 0 0 0 0 0 0 0 0 0 0 0 0 0 0 0 0 0 0 0 0 0 0 0 0 0 0 0 0 0 0 0 0 0 0 0 0 0 0 0 0 0 0 0 0 0 0 0 0 0 0 0 0 0 0 0 0 0 0 0 0 0 0 0 0 0 0 0 0 0 0 0 0 0 0 0 0 0 0 0 0 0 4446 0 0 4446 0 0 4446 0 0 0 0 0 0 0 0 0 0 0 0 0 2 2 2 0 0 0 0 0 0 0 0 0 0 0 0 0 0 0 0 0 0 0 0 0 0 0 0 0 0 0 0 0 0 0 0 0 0 0 0 0 4442 0 0 0 0 0 0 0 0 0 0 0 0 0 0 0 0 0 0 0 0 0 0 0 0 0 0 0 0 0 0 0 0 0 0 0 0 0 0 0 0 0 0 0 0 0 0 0 0 0 0 0 0 0 0 0 0 0 0 0 0 0 0 0 0 0 0 0 0 0 0 0 0 0 0 0 0 0 0 0 0 0 0 0 0 0 0 0 0 0 0 0 0 0 0 0 0 0 0 0 0 0 0 0 0 0 0 0 0 0 0 0 0 0 0 0 0 0 0 0 0 0 0 0 0 0 0 0 0 0 0 0 0 0 0 0 0 0 0 0 0 0 0 0 0 0 0 0 0 0 0 0 0 0 0 0 0 0 0 0 0 0 0 0 0 0 0 0 0 0 0 0 0 0 0 0 0 0 0 0 0 0 0 0 0 0 0 0 0 0 0 0 0 0 0 0 0 0 0 0 0 0 0 0 0 0 0 0 0 0 0 0 0 0 0 545 545 
48:/usr/local/share/lua/5.1/say/init.lua
0 0 0 0 0 0 0 0 0 0 0 0 0 1 1 0 0 1 0 0 0 0 0 0 0 0 0 23 23 0 0 0 0 25 0 25 0 25 0 0 25 25 0 75 50 0 0 25 
39:/usr/local/share/lua/5.1/term/colors.lua
0 0 0 0 0 0 0 0 0 0 0 0 0 0 0 0 0 0 0 0 0 0 0 0 0 0 0 0 0 0 18 0 0 0 18 0 0 0 9 
243:/usr/share/lua/5.1/luarocks/loader.lua
0 0 0 0 0 0 0 0 0 0 0 0 0 0 0 0 0 0 0 0 0 0 0 0 0 0 0 0 0 0 0 0 0 0 0 0 0 0 0 0 0 0 0 0 0 0 0 0 0 0 0 0 0 0 0 0 0 0 0 0 0 0 0 0 0 0 0 0 0 0 0 0 0 0 0 0 0 0 0 9 0 0 0 0 0 0 9 9 0 0 0 0 0 0 0 0 0 0 0 0 0 0 0 0 0 0 0 0 0 0 0 0 0 0 0 0 0 0 0 0 0 0 0 0 0 0 0 0 0 0 0 0 0 0 0 0 0 0 0 0 0 0 0 0 27 27 18 18 9 0 0 0 0 0 0 0 0 0 0 0 0 0 0 0 0 0 0 0 0 0 0 45 0 0 0 45 81 45 45 9 9 9 9 0 0 9 9 9 0 0 0 0 0 0 0 36 0 0 0 0 36 0 0 0 0 0 0 0 0 0 0 90 9 0 0 9 45 0 0 0 0 0 0 0 0 0 0 0 0 0 0 0 0 0 0 0 0 45 45 36 0 9 9 
257:/usr/share/lua/5.1/luarocks/path.lua
0 0 0 0 0 0 0 0 0 0 0 0 0 0 0 0 0 0 0 0 0 0 0 0 0 0 0 0 0 0 0 0 0 0 0 0 0 0 0 0 0 0 0 0 0 0 0 0 0 0 0 0 0 0 0 0 0 0 0 0 0 0 0 0 0 0 0 0 0 0 0 0 0 0 0 0 0 0 0 0 0 0 0 0 0 0 0 0 0 0 0 0 0 0 0 0 0 0 0 0 0 0 0 0 0 0 0 0 0 0 0 0 0 0 0 0 0 0 0 0 0 0 0 0 0 0 0 0 0 0 0 0 0 0 0 0 0 0 0 0 0 0 0 0 0 0 0 0 0 0 0 0 0 0 0 0 0 0 0 0 0 0 0 0 0 0 0 0 0 0 0 0 0 0 0 0 0 0 0 0 0 0 0 0 0 0 0 0 0 0 0 0 0 0 0 0 0 0 0 0 0 0 0 0 0 0 0 0 0 0 0 0 0 0 0 0 0 0 0 0 0 0 0 0 0 0 0 0 0 0 0 0 0 0 0 0 0 0 0 9 0 9 9 9 9 9 0 0 0 0 0 0 0 0 9 9 9 
15:api/info.lua
2 0 4 0 0 0 0 0 0 0 0 0 0 0 4 
79:api/schema.lua
2 0 4 0 0 0 0 0 0 0 0 0 0 0 0 0 0 0 0 0 0 2 0 4 0 0 0 0 0 0 0 0 0 0 0 0 0 0 0 0 0 0 0 2 0 4 0 0 0 0 0 0 0 0 0 0 0 2 0 4 0 0 0 0 0 0 0 0 0 0 0 0 0 0 0 0 0 0 4 
35:api/schemamods.lua
2 0 4 0 0 0 0 0 0 0 0 0 0 0 0 0 0 0 0 0 2 0 4 0 0 0 0 0 0 0 0 0 0 0 4 
92:api/schemapart.lua
2 0 4 0 0 0 0 0 0 0 0 0 0 0 0 0 0 0 0 2 0 4 0 0 0 0 0 0 0 0 0 0 0 0 0 0 0 2 0 4 0 0 0 0 0 0 0 0 0 0 0 0 0 0 0 2 0 4 0 0 0 0 0 0 0 0 0 0 0 0 0 0 0 2 0 4 0 0 0 0 0 0 0 0 0 0 0 0 0 0 0 4 
23:api/searchschema.lua
2 0 4 0 0 0 0 0 0 0 0 0 0 0 0 0 0 0 0 0 0 0 4 
21:api/token.lua
2 0 4 0 0 0 0 0 0 0 0 0 0 0 0 0 0 0 0 0 4 
60:areas.lua
0 2 2 2 0 0 0 0 0 0 0 0 0 0 0 0 0 0 2 0 0 0 0 0 0 0 0 0 0 0 0 0 0 0 0 0 2 0 2 0 4 0 0 0 0 0 0 0 2 0 4 0 0 0 0 0 0 0 0 4 
72:commands/allocate.lua
0 0 2 2 0 0 0 0 0 0 0 0 0 0 0 0 0 0 0 0 0 0 0 0 0 2 0 4 0 0 0 0 0 0 0 0 0 0 0 0 0 0 0 0 0 0 0 0 0 0 0 0 0 0 0 0 0 0 0 0 0 0 0 0 0 0 0 0 0 0 0 4 
22:commands/allocate_chat.lua
0 0 4 2 2 2 4 0 0 0 0 0 0 0 0 0 0 0 0 0 4 2 
21:commands/allocate_local_chat.lua
0 0 4 2 2 2 0 0 0 0 0 0 0 0 0 0 0 0 0 2 2 
18:commands/api_check_wrapper.lua
0 4 0 0 0 0 0 0 0 0 0 0 0 0 0 0 10 4 
23:commands/emerge.lua
0 4 0 0 0 0 0 0 0 0 0 0 0 0 0 0 0 0 0 0 0 0 4 
15:commands/emerge_chat.lua
4 2 2 0 0 0 0 0 0 0 0 0 0 2 2 
21:commands/info.lua
0 0 4 2 0 0 0 0 0 0 0 0 0 0 0 0 0 0 0 2 2 
13:commands/license.lua
0 0 4 2 0 0 0 0 0 0 0 2 2 
67:commands/load.lua
0 4 0 0 0 0 0 0 0 0 0 0 0 0 0 0 0 0 0 0 0 0 0 0 0 0 0 0 0 0 0 0 0 0 0 0 0 0 0 0 0 0 0 0 0 0 0 0 0 0 0 0 0 0 0 0 0 0 0 0 0 0 0 0 0 0 4 
43:commands/load_chat.lua
4 2 2 2 4 0 0 0 0 0 0 0 0 0 0 0 0 0 4 0 0 4 2 2 2 4 0 0 0 0 0 0 0 0 0 0 0 0 0 0 0 4 2 
17:commands/load_local_chat.lua
4 2 2 2 0 0 0 0 0 0 0 0 0 0 0 2 2 
22:commands/mark_chat.lua
0 4 2 2 0 0 0 0 0 0 0 0 0 0 0 0 0 0 0 0 2 2 
22:commands/pos.lua
0 4 2 0 0 0 0 0 0 2 0 0 4 2 0 0 0 0 0 0 2 2 
25:commands/protectioncheck.lua
0 4 0 0 0 0 0 0 0 0 0 0 0 0 0 0 0 0 0 0 0 0 0 0 4 
78:commands/save.lua
0 4 0 0 0 0 0 0 0 0 0 0 0 0 0 0 0 0 0 0 0 0 0 0 0 0 0 0 0 0 0 0 0 0 0 0 0 0 0 0 0 0 0 0 0 0 0 0 0 0 0 0 0 0 0 0 0 0 0 0 0 0 0 0 0 0 0 0 0 0 0 0 0 0 0 0 0 4 
41:commands/save_chat.lua
0 4 2 2 4 0 0 0 0 0 0 0 0 0 0 0 0 0 0 0 0 0 0 0 0 0 0 0 0 0 0 0 0 0 0 0 0 0 0 4 2 
23:commands/save_local_chat.lua
0 4 2 2 2 0 0 0 0 0 0 0 0 0 0 0 0 0 0 0 0 2 2 
44:commands/save_update_chat.lua
0 4 2 2 4 0 0 0 0 0 0 0 0 0 0 0 0 0 0 0 0 0 0 0 0 0 0 0 0 0 0 0 0 0 0 0 0 0 0 0 0 0 4 2 
43:commands/user.lua
0 4 2 2 0 0 0 0 0 0 0 0 0 0 0 0 0 0 0 0 0 0 0 0 0 0 0 0 0 0 0 0 0 2 0 0 4 2 0 0 0 2 2 
135:deserialize.lua
2 0 0 2 2 2 0 4 0 0 0 0 0 0 0 0 0 0 0 0 0 0 0 0 0 0 0 0 0 0 0 0 0 0 0 0 0 0 0 0 0 0 0 0 0 0 0 0 0 0 0 0 0 0 0 0 0 0 0 0 0 0 0 0 0 0 0 0 0 0 0 0 0 0 0 0 0 0 0 0 0 0 0 0 0 0 0 0 0 0 0 0 0 0 0 0 0 0 0 0 0 0 0 0 0 0 0 0 0 0 0 0 0 0 0 0 0 0 0 0 0 0 0 0 0 0 0 0 0 0 0 0 0 0 4 
49:hud/areas.lua
2 2 0 2 0 0 0 0 0 0 0 0 0 0 0 0 0 0 2 0 0 0 0 0 0 2 2 0 4 0 0 0 2 0 4 0 0 0 0 0 0 0 0 0 0 0 0 0 4 
67:hud/progress.lua
2 2 0 2 0 0 0 4 0 0 0 0 0 0 0 0 0 0 0 0 0 0 0 0 0 0 0 0 0 0 0 0 0 0 0 0 0 0 0 2 0 4 0 0 0 0 0 0 0 0 2 0 0 0 4 0 0 0 2 0 4 0 0 0 0 0 4 
92:init.lua
0 2 0 2 0 2 2 2 2 2 2 0 2 2 2 2 0 2 0 0 0 2 0 0 2 2 2 2 2 2 2 0 0 0 2 2 0 0 2 2 2 2 2 2 2 0 0 2 2 2 2 2 2 0 0 2 2 2 0 0 0 2 2 2 2 2 2 2 2 2 2 0 2 2 2 2 2 2 2 2 2 2 0 0 2 2 2 2 0 0 2 2 
21:license.lua
2 0 4 0 0 0 0 2 0 4 0 0 0 0 0 0 0 0 0 0 4 
70:markers.lua
0 0 2 2 0 4 0 0 0 0 0 0 0 0 0 0 0 0 0 0 0 2 0 4 0 0 0 0 0 0 0 0 0 0 0 0 0 0 0 0 0 0 0 0 0 0 0 0 0 0 0 0 0 0 0 0 0 0 0 0 0 0 2 0 0 4 0 0 0 4 
67:nodes/controller.lua
2 0 0 0 0 0 0 0 0 0 0 0 0 0 0 0 0 0 2 0 4 0 0 0 0 0 0 0 0 0 0 0 0 0 0 0 0 0 0 0 0 0 0 0 0 2 0 0 4 2 2 0 2 2 2 2 2 0 0 0 0 0 0 0 0 2 2 
56:nodes/placeholder.lua
0 4 2 2 2 2 2 2 2 2 0 2 0 0 0 4 0 0 0 0 0 0 0 0 2 0 0 4 0 0 0 0 0 0 0 0 0 0 0 0 0 0 0 0 0 0 2 0 0 4 2 2 2 2 2 2 
12:privs.lua
0 0 4 2 2 0 0 0 4 2 2 2 
24:search/chat.lua
0 4 2 2 2 0 0 0 0 0 0 0 0 0 0 0 0 0 0 0 0 0 2 2 
103:search/formspec.lua
2 0 0 2 0 0 2 0 4 0 0 0 0 0 0 0 0 0 0 0 0 0 0 0 0 0 0 0 0 0 0 0 0 0 0 0 0 0 0 0 0 0 0 0 2 0 4 0 0 0 0 0 0 0 0 0 0 0 0 0 0 0 0 0 0 0 0 0 0 0 0 0 0 0 0 0 0 0 0 0 0 0 0 0 0 0 0 0 0 0 0 0 0 0 0 0 2 0 0 4 0 0 4 
153:serialize.lua
0 2 4 0 0 0 0 0 0 2 0 2 2 0 0 0 0 0 0 0 0 0 0 0 0 0 2 0 0 0 0 0 0 2 0 0 4 0 0 0 0 0 0 0 0 0 0 0 0 0 0 0 0 0 0 0 0 0 0 0 0 0 0 0 0 0 0 0 0 0 0 0 0 0 0 0 0 0 0 0 0 0 0 0 0 0 0 0 0 0 0 0 0 0 0 0 0 0 0 0 0 0 0 0 0 0 0 0 0 0 0 0 0 0 0 0 0 0 0 0 0 0 0 0 0 0 0 0 0 0 0 0 0 0 0 0 0 0 0 0 0 0 0 0 0 0 0 0 0 0 0 0 4 
6:spec/common.lua
2 2 2 0 2 6 
24:spec/iterator_spec.lua
1 0 1 1 1 0 1 1 0 2 2 1 1 1 1 0 10 9 9 9 0 0 2 3 
1:spec/mineunit.conf
2 
28:spec/promise_spec.lua
1 0 2 2 1 0 2 1 2 0 2 1 0 0 0 3 1 3 0 0 3 1 1 0 1 0 2 3 
24:spec/sort_pos_spec.lua
1 0 1 1 1 0 1 1 0 2 2 1 1 1 1 1 1 1 1 1 1 1 2 3 
60:token.lua
0 2 0 0 2 0 0 0 0 0 0 0 0 0 0 0 0 0 0 0 2 0 4 0 0 0 0 0 2 0 0 4 0 0 0 0 0 0 0 0 0 0 0 0 0 0 0 2 0 0 4 0 0 0 0 0 0 0 0 4 
29:util/check_api_compat.lua
0 0 2 0 0 0 0 0 0 0 0 2 0 4 0 0 0 0 0 0 0 0 0 0 0 0 0 0 4 
8:util/get_schema_size.lua
0 4 0 0 0 0 0 4 
50:util/is_area_protected.lua
2 2 0 2 0 2 0 0 0 0 0 0 0 0 0 0 0 0 0 0 0 0 0 0 0 0 0 0 0 0 0 0 0 0 0 0 0 0 0 0 0 0 0 0 0 0 0 0 0 2 
22:util/iterator_next.lua
0 4 9 0 9 1 0 8 8 0 0 0 0 0 0 0 0 0 0 0 9 4 
57:util/local_files.lua
2 2 0 0 0 0 0 0 0 2 0 0 0 0 0 0 0 0 0 0 2 0 0 0 0 0 0 0 0 0 2 0 4 0 2 0 4 0 0 0 2 0 4 0 2 0 4 0 2 0 4 0 2 0 4 0 4 
15:util/sort_pos.lua
0 4 1 1 1 1 0 1 1 0 1 1 0 1 4 
35:worker/emerge_worker.lua
0 0 4 0 0 0 0 0 0 0 0 0 0 0 0 0 0 0 0 0 0 0 0 0 0 0 0 0 0 0 0 0 0 0 4 
113:worker/load_worker.lua
2 0 2 0 2 0 0 0 0 0 0 0 2 0 0 0 0 0 2 0 0 0 0 0 0 0 0 0 0 0 0 0 0 0 0 0 0 0 0 0 0 0 0 0 0 0 0 0 0 0 0 0 0 0 0 0 0 0 2 0 0 0 0 0 0 0 0 2 0 0 4 0 0 0 0 0 0 0 0 0 0 0 0 0 0 0 0 0 0 0 0 0 0 0 0 0 0 0 0 0 0 0 0 0 0 0 0 0 0 0 0 0 4 
47:worker/protectioncheck_worker.lua
0 0 4 0 0 0 0 0 0 0 0 0 0 0 0 0 0 0 0 0 0 0 0 0 0 0 0 0 0 0 0 0 0 0 0 0 0 0 0 0 0 0 0 0 0 0 4 
142:worker/save_worker.lua
2 0 2 0 2 0 0 0 0 0 0 0 0 0 0 0 0 2 0 4 0 0 0 0 0 0 0 0 0 0 0 0 0 0 0 0 0 0 0 0 0 0 0 0 0 0 0 0 0 0 0 0 0 0 0 0 0 0 0 0 0 0 0 0 0 0 0 0 0 0 0 0 0 0 0 0 0 0 0 0 0 0 0 0 0 0 0 0 0 0 0 0 0 0 0 0 0 0 0 0 0 0 0 0 0 0 0 0 0 0 0 0 0 0 0 0 0 0 0 0 0 0 0 0 0 0 0 0 0 0 0 0 0 0 0 0 0 0 0 0 0 4 
